<?xml version="1.0" encoding="UTF-8"?>
<testsuite xmlns:xsi="http://www.w3.org/2001/XMLSchema-instance" xsi:noNamespaceSchemaLocation="https://maven.apache.org/surefire/maven-surefire-plugin/xsd/surefire-test-report-3.0.xsd" version="3.0" name="com.auction.server.service.AuctionServiceTest" time="0.884" tests="9" errors="0" skipped="0" failures="0">
  <properties>
[...]
</properties>
  <testcase name="createAuction_nonSeller_throws" classname="com.auction.server.service.AuctionServiceTest" time="0.817">
    <system-err><![CDATA[WARNING: A Java agent has been loaded dynamically (C:\Users\Aquatl\.m2\repository\net\bytebuddy\byte-buddy-agent\1.14.8\byte-buddy-agent-1.14.8.jar)
WARNING: If a serviceability tool is in use, please run with -XX:+EnableDynamicAgentLoading to hide this warning
WARNING: If a serviceability tool is not in use, please run with -Djdk.instrument.traceUsage for more information
WARNING: Dynamic loading of agents will be disallowed by default in a future release
20:38:25.046 [main] INFO AuctionService - Restored 0 auction schedule(s) from database
]]></system-err>
  </testcase>
  <testcase name="createAuction_negativePrice_throws" classname="com.auction.server.service.AuctionServiceTest" time="0.003">
    <system-err><![CDATA[20:38:25.063 [main] INFO AuctionService - Restored 0 auction schedule(s) from database
]]></system-err>
  </testcase>
  <testcase name="createAuction_endBeforeStart_throws" classname="com.auction.server.service.AuctionServiceTest" time="0.003">
    <system-err><![CDATA[20:38:25.067 [main] INFO AuctionService - Restored 0 auction schedule(s) from database
]]></system-err>
  </testcase>
  <testcase name="createAuction_futureStart_statusIsOpen" classname="com.auction.server.service.AuctionServiceTest" time="0.006">
    <system-err><![CDATA[20:38:25.071 [main] INFO AuctionService - Restored 0 auction schedule(s) from database
20:38:25.073 [main] INFO AuctionService - Auction 1 created for item 'Test Artwork', ends 2026-05-22T22:38:25.071231700
]]></system-err>
  </testcase>
  <testcase name="createAuction_pastStart_statusIsRunning" classname="com.auction.server.service.AuctionServiceTest" time="0.004">
    <system-err><![CDATA[20:38:25.079 [main] INFO AuctionService - Restored 0 auction schedule(s) from database
20:38:25.080 [main] INFO AuctionService - Auction 1 created for item 'Test Artwork', ends 2026-05-22T21:38:25.080235400
]]></system-err>
  </testcase>
  <testcase name="applyAntiSnipe_withinWindow_extendsEndTime" classname="com.auction.server.service.AuctionServiceTest" time="0.011">
    <system-err><![CDATA[20:38:25.083 [main] INFO AuctionService - Restored 0 auction schedule(s) from database
20:38:25.084 [main] INFO AuctionService - Auction 1 created for item 'Test Artwork', ends 2026-05-22T20:38:45.084233700
20:38:25.086 [main] INFO AuctionService - Anti-snipe: auction 1 extended to 2026-05-22T20:39:45.084233700
]]></system-err>
  </testcase>
  <testcase name="applyAntiSnipe_outsideWindow_noChange" classname="com.auction.server.service.AuctionServiceTest" time="0.003">
    <system-err><![CDATA[20:38:25.095 [main] INFO AuctionService - Restored 0 auction schedule(s) from database
20:38:25.096 [main] INFO AuctionService - Auction 1 created for item 'Test Artwork', ends 2026-05-22T20:48:25.096235700
]]></system-err>
  </testcase>
  <testcase name="cancelAuction_byOwner_succeeds" classname="com.auction.server.service.AuctionServiceTest" time="0.004">
    <system-err><![CDATA[20:38:25.099 [main] INFO AuctionService - Restored 0 auction schedule(s) from database
20:38:25.100 [main] INFO AuctionService - Auction 1 created for item 'Test Artwork', ends 2026-05-22T21:38:25.099233500
]]></system-err>
  </testcase>
  <testcase name="cancelAuction_byNonOwner_throws" classname="com.auction.server.service.AuctionServiceTest" time="0.003">
    <system-err><![CDATA[20:38:25.104 [main] INFO AuctionService - Restored 0 auction schedule(s) from database
20:38:25.105 [main] INFO AuctionService - Auction 1 created for item 'Test Artwork', ends 2026-05-22T21:38:25.104234
]]></system-err>
  </testcase>
</testsuite>